<?xml version="1.0" encoding="UTF-8" ?>
<testsuite errors="0" failures="1" hostname="MacBook-Pro-16-de-thomas.local" name="saejava.EnseignantExceptionsTests.EnseignantVideTest" skipped="0" tests="1" time="0.249" timestamp="2025-01-16T14:54:59">
  <properties>
    <property name="javac.test.classpath" value=":build/classes:../Junit/hamcrest-core-1.3.jar:../Junit/hamcrest-junit-2.0.0.0.jar:../Junit/java-hamcrest-2.0.0.0.jar:../Junit/junit-4.12.jar" />
    <property name="java.specification.version" value="21" />
    <property name="jar.index.metainf" value="false" />
    <property name="libs.spring-framework500.classpath" value="/Applications/Apache NetBeans.app/Contents/Resources/netbeans/platform/modules/org-apache-commons-logging.jar:/Applications/Apache NetBeans.app/Contents/Resources/netbeans/java/modules/ext/cglib-2.2.jar:/Applications/Apache NetBeans.app/Contents/Resources/netbeans/java/modules/ext/spring-5/spring-aop-5.3.31.jar:/Applications/Apache NetBeans.app/Contents/Resources/netbeans/java/modules/ext/spring-5/spring-aspects-5.3.31.jar:/Applications/Apache NetBeans.app/Contents/Resources/netbeans/java/modules/ext/spring-5/spring-beans-5.3.31.jar:/Applications/Apache NetBeans.app/Contents/Resources/netbeans/java/modules/ext/spring-5/spring-context-5.3.31.jar:/Applications/Apache NetBeans.app/Contents/Resources/netbeans/java/modules/ext/spring-5/spring-context-indexer-5.3.31.jar:/Applications/Apache NetBeans.app/Contents/Resources/netbeans/java/modules/ext/spring-5/spring-context-support-5.3.31.jar:/Applications/Apache NetBeans.app/Contents/Resources/netbeans/java/modules/ext/spring-5/spring-core-5.3.31.jar:/Applications/Apache NetBeans.app/Contents/Resources/netbeans/java/modules/ext/spring-5/spring-expression-5.3.31.jar:/Applications/Apache NetBeans.app/Contents/Resources/netbeans/java/modules/ext/spring-5/spring-instrument-5.3.31.jar:/Applications/Apache NetBeans.app/Contents/Resources/netbeans/java/modules/ext/spring-5/spring-jcl-5.3.31.jar:/Applications/Apache NetBeans.app/Contents/Resources/netbeans/java/modules/ext/spring-5/spring-jdbc-5.3.31.jar:/Applications/Apache NetBeans.app/Contents/Resources/netbeans/java/modules/ext/spring-5/spring-jms-5.3.31.jar:/Applications/Apache NetBeans.app/Contents/Resources/netbeans/java/modules/ext/spring-5/spring-messaging-5.3.31.jar:/Applications/Apache NetBeans.app/Contents/Resources/netbeans/java/modules/ext/spring-5/spring-orm-5.3.31.jar:/Applications/Apache NetBeans.app/Contents/Resources/netbeans/java/modules/ext/spring-5/spring-oxm-5.3.31.jar:/Applications/Apache NetBeans.app/Contents/Resources/netbeans/java/modules/ext/spring-5/spring-test-5.3.31.jar:/Applications/Apache NetBeans.app/Contents/Resources/netbeans/java/modules/ext/spring-5/spring-tx-5.3.31.jar:/Applications/Apache NetBeans.app/Contents/Resources/netbeans/java/modules/ext/spring-5/spring-web-5.3.31.jar:/Applications/Apache NetBeans.app/Contents/Resources/netbeans/java/modules/ext/spring-5/spring-webflux-5.3.31.jar:/Applications/Apache NetBeans.app/Contents/Resources/netbeans/java/modules/ext/spring-5/spring-webmvc-5.3.31.jar:/Applications/Apache NetBeans.app/Contents/Resources/netbeans/java/modules/ext/spring-5/spring-websocket-5.3.31.jar" />
    <property name="jnlp.signing.keystore" value="" />
    <property name="ant.file.type.saeJava" value="file" />
    <property name="test.binaryincludes" value="&lt;nothing&gt;" />
    <property name="do.jlink" value="false" />
    <property name="debug-transport" value="dt_socket" />
    <property name="libs.javaee-web-api-8.0.src" value="" />
    <property name="java.vendor.url" value="https://java.oracle.com/" />
    <property name="debug.modulepath" value="" />
    <property name="libs.eclipselink.javadoc" value="/Applications/Apache NetBeans.app/Contents/Resources/netbeans/java/modules/ext/docs/jakarta.persistence-2.2.3-doc.zip" />
    <property name="libs.jsp-compilation.src" value="" />
    <property name="libs.JWSAntTasks.javadoc" value="" />
    <property name="platform.home" value="/Library/Java/JavaVirtualMachines/jdk-21.jdk/Contents/Home" />
    <property name="sun.boot.library.path" value="/Library/Java/JavaVirtualMachines/jdk-21.jdk/Contents/Home/lib" />
    <property name="sun.java.command" value="org.apache.tools.ant.taskdefs.optional.junit.JUnitTestRunner saejava.EnseignantExceptionsTests.EnseignantVideTest methods=afficherEnseignantsTest skipNonTests=false filtertrace=true haltOnError=false haltOnFailure=false showoutput=true outputtoformatters=true logfailedtests=true threadid=0 logtestlistenerevents=true formatter=org.apache.tools.ant.taskdefs.optional.junit.BriefJUnitResultFormatter formatter=org.apache.tools.ant.taskdefs.optional.junit.XMLJUnitResultFormatter,/Users/Salome/Desktop/SAE_java/sae_java/saeJava/build/test/results/TEST-saejava.EnseignantExceptionsTests.EnseignantVideTest.xml crashfile=/Users/Salome/Desktop/SAE_java/sae_java/saeJava/build/junitvmwatcher18116617099298407610.properties propsfile=/Users/Salome/Desktop/SAE_java/sae_java/saeJava/build/junit3780608789382046169.properties" />
    <property name="jdk.debug" value="release" />
    <property name="javadoc.use" value="true" />
    <property name="javadoc.notree" value="false" />
    <property name="basedir" value="/Users/Salome/Desktop/SAE_java/sae_java/saeJava" />
    <property name="application.vendor" value="IUTLyon1" />
    <property name="java.vm.specification.vendor" value="Oracle Corporation" />
    <property name="java.specification.name" value="Java Platform API Specification" />
    <property name="libs.jsf20.classpath" value="/Applications/Apache NetBeans.app/Contents/Resources/netbeans/enterprise/modules/ext/jsf-2_2/javax.faces.jar" />
    <property name="netbeans.extbrowser.manual_chrome_plugin_install" value="yes" />
    <property name="libs.jakartaee-api-10.0.maven-pom" value="" />
    <property name="libs.spring-framework500.javadoc" value="" />
    <property name="netbeans.default_userdir_root" value="/Users/Salome/Library/Application Support/NetBeans" />
    <property name="libs.jsp-compilation-syscp.src" value="" />
    <property name="jdk.home" value="/Library/Java/JavaVirtualMachines/jdk-23.jdk/Contents/Home" />
    <property name="java.runtime.version" value="21.0.5+9-LTS-239" />
    <property name="platforms.JDK_21.compiler" value="modern" />
    <property name="libs.eclipselink.maven-pom" value="" />
    <property name="libs.metro.maven-pom" value="" />
    <property name="libs.JAXB-ENDORSED.javadoc" value="" />
    <property name="sun.java2d.noddraw" value="true" />
    <property name="platform.bootcp" value="/Library/Java/JavaVirtualMachines/jdk-21.jdk/Contents/Home/!/modules/java.base/:/Library/Java/JavaVirtualMachines/jdk-21.jdk/Contents/Home/!/modules/java.compiler/:/Library/Java/JavaVirtualMachines/jdk-21.jdk/Contents/Home/!/modules/java.datatransfer/:/Library/Java/JavaVirtualMachines/jdk-21.jdk/Contents/Home/!/modules/java.desktop/:/Library/Java/JavaVirtualMachines/jdk-21.jdk/Contents/Home/!/modules/java.instrument/:/Library/Java/JavaVirtualMachines/jdk-21.jdk/Contents/Home/!/modules/java.logging/:/Library/Java/JavaVirtualMachines/jdk-21.jdk/Contents/Home/!/modules/java.management/:/Library/Java/JavaVirtualMachines/jdk-21.jdk/Contents/Home/!/modules/java.management.rmi/:/Library/Java/JavaVirtualMachines/jdk-21.jdk/Contents/Home/!/modules/java.naming/:/Library/Java/JavaVirtualMachines/jdk-21.jdk/Contents/Home/!/modules/java.net.http/:/Library/Java/JavaVirtualMachines/jdk-21.jdk/Contents/Home/!/modules/java.prefs/:/Library/Java/JavaVirtualMachines/jdk-21.jdk/Contents/Home/!/modules/java.rmi/:/Library/Java/JavaVirtualMachines/jdk-21.jdk/Contents/Home/!/modules/java.scripting/:/Library/Java/JavaVirtualMachines/jdk-21.jdk/Contents/Home/!/modules/java.se/:/Library/Java/JavaVirtualMachines/jdk-21.jdk/Contents/Home/!/modules/java.security.jgss/:/Library/Java/JavaVirtualMachines/jdk-21.jdk/Contents/Home/!/modules/java.security.sasl/:/Library/Java/JavaVirtualMachines/jdk-21.jdk/Contents/Home/!/modules/java.smartcardio/:/Library/Java/JavaVirtualMachines/jdk-21.jdk/Contents/Home/!/modules/java.sql/:/Library/Java/JavaVirtualMachines/jdk-21.jdk/Contents/Home/!/modules/java.sql.rowset/:/Library/Java/JavaVirtualMachines/jdk-21.jdk/Contents/Home/!/modules/java.transaction.xa/:/Library/Java/JavaVirtualMachines/jdk-21.jdk/Contents/Home/!/modules/java.xml/:/Library/Java/JavaVirtualMachines/jdk-21.jdk/Contents/Home/!/modules/java.xml.crypto/:/Library/Java/JavaVirtualMachines/jdk-21.jdk/Contents/Home/!/modules/jdk.accessibility/:/Library/Java/JavaVirtualMachines/jdk-21.jdk/Contents/Home/!/modules/jdk.attach/:/Library/Java/JavaVirtualMachines/jdk-21.jdk/Contents/Home/!/modules/jdk.charsets/:/Library/Java/JavaVirtualMachines/jdk-21.jdk/Contents/Home/!/modules/jdk.compiler/:/Library/Java/JavaVirtualMachines/jdk-21.jdk/Contents/Home/!/modules/jdk.crypto.cryptoki/:/Library/Java/JavaVirtualMachines/jdk-21.jdk/Contents/Home/!/modules/jdk.crypto.ec/:/Library/Java/JavaVirtualMachines/jdk-21.jdk/Contents/Home/!/modules/jdk.dynalink/:/Library/Java/JavaVirtualMachines/jdk-21.jdk/Contents/Home/!/modules/jdk.editpad/:/Library/Java/JavaVirtualMachines/jdk-21.jdk/Contents/Home/!/modules/jdk.hotspot.agent/:/Library/Java/JavaVirtualMachines/jdk-21.jdk/Contents/Home/!/modules/jdk.httpserver/:/Library/Java/JavaVirtualMachines/jdk-21.jdk/Contents/Home/!/modules/jdk.incubator.vector/:/Library/Java/JavaVirtualMachines/jdk-21.jdk/Contents/Home/!/modules/jdk.internal.ed/:/Library/Java/JavaVirtualMachines/jdk-21.jdk/Contents/Home/!/modules/jdk.internal.jvmstat/:/Library/Java/JavaVirtualMachines/jdk-21.jdk/Contents/Home/!/modules/jdk.internal.le/:/Library/Java/JavaVirtualMachines/jdk-21.jdk/Contents/Home/!/modules/jdk.internal.opt/:/Library/Java/JavaVirtualMachines/jdk-21.jdk/Contents/Home/!/modules/jdk.internal.vm.ci/:/Library/Java/JavaVirtualMachines/jdk-21.jdk/Contents/Home/!/modules/jdk.internal.vm.compiler/:/Library/Java/JavaVirtualMachines/jdk-21.jdk/Contents/Home/!/modules/jdk.internal.vm.compiler.management/:/Library/Java/JavaVirtualMachines/jdk-21.jdk/Contents/Home/!/modules/jdk.jartool/:/Library/Java/JavaVirtualMachines/jdk-21.jdk/Contents/Home/!/modules/jdk.javadoc/:/Library/Java/JavaVirtualMachines/jdk-21.jdk/Contents/Home/!/modules/jdk.jcmd/:/Library/Java/JavaVirtualMachines/jdk-21.jdk/Contents/Home/!/modules/jdk.jconsole/:/Library/Java/JavaVirtualMachines/jdk-21.jdk/Contents/Home/!/modules/jdk.jdeps/:/Library/Java/JavaVirtualMachines/jdk-21.jdk/Contents/Home/!/modules/jdk.jdi/:/Library/Java/JavaVirtualMachines/jdk-21.jdk/Contents/Home/!/modules/jdk.jdwp.agent/:/Library/Java/JavaVirtualMachines/jdk-21.jdk/Contents/Home/!/modules/jdk.jfr/:/Library/Java/JavaVirtualMachines/jdk-21.jdk/Contents/Home/!/modules/jdk.jlink/:/Library/Java/JavaVirtualMachines/jdk-21.jdk/Contents/Home/!/modules/jdk.jpackage/:/Library/Java/JavaVirtualMachines/jdk-21.jdk/Contents/Home/!/modules/jdk.jshell/:/Library/Java/JavaVirtualMachines/jdk-21.jdk/Contents/Home/!/modules/jdk.jsobject/:/Library/Java/JavaVirtualMachines/jdk-21.jdk/Contents/Home/!/modules/jdk.jstatd/:/Library/Java/JavaVirtualMachines/jdk-21.jdk/Contents/Home/!/modules/jdk.localedata/:/Library/Java/JavaVirtualMachines/jdk-21.jdk/Contents/Home/!/modules/jdk.management/:/Library/Java/JavaVirtualMachines/jdk-21.jdk/Contents/Home/!/modules/jdk.management.agent/:/Library/Java/JavaVirtualMachines/jdk-21.jdk/Contents/Home/!/modules/jdk.management.jfr/:/Library/Java/JavaVirtualMachines/jdk-21.jdk/Contents/Home/!/modules/jdk.naming.dns/:/Library/Java/JavaVirtualMachines/jdk-21.jdk/Contents/Home/!/modules/jdk.naming.rmi/:/Library/Java/JavaVirtualMachines/jdk-21.jdk/Contents/Home/!/modules/jdk.net/:/Library/Java/JavaVirtualMachines/jdk-21.jdk/Contents/Home/!/modules/jdk.nio.mapmode/:/Library/Java/JavaVirtualMachines/jdk-21.jdk/Contents/Home/!/modules/jdk.random/:/Library/Java/JavaVirtualMachines/jdk-21.jdk/Contents/Home/!/modules/jdk.sctp/:/Library/Java/JavaVirtualMachines/jdk-21.jdk/Contents/Home/!/modules/jdk.security.auth/:/Library/Java/JavaVirtualMachines/jdk-21.jdk/Contents/Home/!/modules/jdk.security.jgss/:/Library/Java/JavaVirtualMachines/jdk-21.jdk/Contents/Home/!/modules/jdk.unsupported/:/Library/Java/JavaVirtualMachines/jdk-21.jdk/Contents/Home/!/modules/jdk.unsupported.desktop/:/Library/Java/JavaVirtualMachines/jdk-21.jdk/Contents/Home/!/modules/jdk.xml.dom/:/Library/Java/JavaVirtualMachines/jdk-21.jdk/Contents/Home/!/modules/jdk.zipfs/" />
    <property name="guice.disable.misplaced.annotation.check" value="true" />
    <property name="libs.primefaces.javadoc" value="" />
    <property name="libs.jsp-compilation.javadoc" value="" />
    <property name="libs.groovy-all.maven-pom" value="" />
    <property name="libs.restapi.src" value="" />
    <property name="libs.junit_5.javadoc" value="/Applications/Apache NetBeans.app/Contents/Resources/netbeans/platform/docs/junit-jupiter-api-5.10.3-javadoc.jar:/Applications/Apache NetBeans.app/Contents/Resources/netbeans/platform/docs/junit-jupiter-params-5.10.3-javadoc.jar:/Applications/Apache NetBeans.app/Contents/Resources/netbeans/platform/docs/junit-jupiter-engine-5.10.3-javadoc.jar" />
    <property name="jnlp.enabled" value="false" />
    <property name="libs.jakartaee-api-11.0.maven-pom" value="" />
    <property name="dist.archive.excludes" value="" />
    <property name="java.io.tmpdir" value="/var/folders/g9/sy5c2z493rn6vd__zk96vd200000gn/T/" />
    <property name="java.version" value="21.0.5" />
    <property name="java.vm.specification.name" value="Java Virtual Machine Specification" />
    <property name="libs.jakartaee-api-8.0.javadoc" value="/Applications/Apache NetBeans.app/Contents/Resources/netbeans/enterprise/docs/jakartaee8-doc-api.jar" />
    <property name="native.encoding" value="UTF-8" />
    <property name="libs.hamcrest.src" value="" />
    <property name="java.library.path" value="/Users/Salome/Library/Java/Extensions:/Library/Java/Extensions:/Network/Library/Java/Extensions:/System/Library/Java/Extensions:/usr/lib/java:." />
    <property name="java.vendor" value="Oracle Corporation" />
    <property name="libs.groovy-all.src" value="" />
    <property name="libs.testng.javadoc" value="/Applications/Apache NetBeans.app/Contents/Resources/netbeans/platform/docs/testng-6.13.1-javadoc.jar" />
    <property name="meta.inf.dir" value="src/META-INF" />
    <property name="run.upgrademodulepath" value="" />
    <property name="compile.on.save" value="false" />
    <property name="jlink.additionalparam" value="" />
    <property name="libs.testng.maven-pom" value="" />
    <property name="org.openide.version" value="deprecated" />
    <property name="run.classpath" value=":build/classes" />
    <property name="libs.jaxb.src" value="" />
    <property name="sun.awt.enableExtraMouseButtons" value="true" />
    <property name="test.src.dir" value="test" />
    <property name="org.openide.major.version" value="IDE/1" />
    <property name="file.reference.junit-4.12.jar" value="../Junit/junit-4.12.jar" />
    <property name="platforms.JDK_21.home" value="/Library/Java/JavaVirtualMachines/jdk-21.jdk/Contents/Home" />
    <property name="ap.proc.none.internal" value="" />
    <property name="org.openide.specification.version" value="6.2" />
    <property name="user.timezone" value="Europe/Paris" />
    <property name="jar.index" value="false" />
    <property name="libs.jpa20-persistence.classpath" value="/Applications/Apache NetBeans.app/Contents/Resources/netbeans/java/modules/ext/eclipselink/jakarta.persistence-2.2.3.jar" />
    <property name="libs.eclipselinkmodelgen.javadoc" value="" />
    <property name="java.vm.specification.version" value="21" />
    <property name="libs.junit_5.classpath" value="/Applications/Apache NetBeans.app/Contents/Resources/netbeans/platform/modules/ext/junit-jupiter-api-5.10.3.jar:/Applications/Apache NetBeans.app/Contents/Resources/netbeans/platform/modules/ext/junit-jupiter-params-5.10.3.jar:/Applications/Apache NetBeans.app/Contents/Resources/netbeans/platform/modules/ext/junit-jupiter-engine-5.10.3.jar" />
    <property name="javadoc.noindex" value="false" />
    <property name="javadoc.private" value="false" />
    <property name="libs.JAXB-ENDORSED.maven-pom" value="" />
    <property name="user.home" value="/Users/Salome" />
    <property name="libs.eclipselinkmodelgen.maven-pom" value="" />
    <property name="have.sources" value="true" />
    <property name="annotation.processing.processors.list" value="" />
    <property name="javac.deprecation" value="false" />
    <property name="jlink.launcher" value="true" />
    <property name="manifest.custom.caller.allowable.codebase" value="" />
    <property name="platform.javac" value="/Library/Java/JavaVirtualMachines/jdk-21.jdk/Contents/Home/bin/javac" />
    <property name="build.generated.sources.dir" value="build/generated-sources" />
    <property name="ant.file.type.saeJava-impl" value="file" />
    <property name="plugin.manager.check.updates" value="false" />
    <property name="netbeans.autoupdate.language" value="fr" />
    <property name="file.reference.java-hamcrest-2.0.0.0.jar" value="../Junit/java-hamcrest-2.0.0.0.jar" />
    <property name="polyglot.engine.WarnInterpreterOnly" value="false" />
    <property name="build.compiler.emacs" value="true" />
    <property name="libs.eclipselinkmodelgen.src" value="" />
    <property name="build.classes.excludes" value="**/*.java,**/*.form" />
    <property name="dist.jar" value="dist/saeJava.jar" />
    <property name="libs.jakartaee-web-api-9.0.classpath" value="/Applications/Apache NetBeans.app/Contents/Resources/netbeans/enterprise/modules/ext/jakarta.jakartaee-web-api-9.0.0.jar" />
    <property name="modules.supported.internal" value="true" />
    <property name="libs.jakartaee-web-api-11.0.maven-pom" value="" />
    <property name="libs.javaee-endorsed-api-7.0.javadoc" value="/Applications/Apache NetBeans.app/Contents/Resources/netbeans/enterprise/docs/javaee-doc-api.jar" />
    <property name="os.version" value="13.3.1" />
    <property name="jna.nosys" value="false" />
    <property name="netbeans.home" value="/Applications/Apache NetBeans.app/Contents/Resources/netbeans/platform" />
    <property name="libs.CopyLibs.javadoc" value="" />
    <property name="debug-transport-by-os" value="dt_socket" />
    <property name="libs.jsf20.src" value="" />
    <property name="libs.javaee-api-8.0.javadoc" value="/Applications/Apache NetBeans.app/Contents/Resources/netbeans/enterprise/docs/javaee-doc-api.jar" />
    <property name="java.vm.name" value="Java HotSpot(TM) 64-Bit Server VM" />
    <property name="unnamed.module.internal" value="true" />
    <property name="libs.jakartaee-api-10.0.javadoc" value="/Applications/Apache NetBeans.app/Contents/Resources/netbeans/enterprise/docs/jakartaee10-doc-api.jar" />
    <property name="libs.jstl.javadoc" value="/Applications/Apache NetBeans.app/Contents/Resources/netbeans/enterprise/docs/javaee-doc-api.jar" />
    <property name="libs.javaee-endorsed-api-7.0.maven-pom" value="" />
    <property name="libs.jaxws21.classpath" value="/Applications/Apache NetBeans.app/Contents/Resources/netbeans/java/modules/ext/jaxws22/api/jakarta.jws-api.jar:/Applications/Apache NetBeans.app/Contents/Resources/netbeans/java/modules/ext/jaxws22/api/jakarta.xml.soap-api.jar:/Applications/Apache NetBeans.app/Contents/Resources/netbeans/java/modules/ext/jaxws22/api/jakarta.xml.ws-api.jar:/Applications/Apache NetBeans.app/Contents/Resources/netbeans/java/modules/ext/jaxws22/FastInfoset.jar:/Applications/Apache NetBeans.app/Contents/Resources/netbeans/java/modules/ext/jaxws22/gmbal-api-only.jar:/Applications/Apache NetBeans.app/Contents/Resources/netbeans/java/modules/ext/jaxws22/ha-api.jar:/Applications/Apache NetBeans.app/Contents/Resources/netbeans/java/modules/ext/jaxws22/jakarta.mail.jar:/Applications/Apache NetBeans.app/Contents/Resources/netbeans/java/modules/ext/jaxws22/jaxws-rt.jar:/Applications/Apache NetBeans.app/Contents/Resources/netbeans/java/modules/ext/jaxws22/jaxws-tools.jar:/Applications/Apache NetBeans.app/Contents/Resources/netbeans/java/modules/ext/jaxws22/management-api.jar:/Applications/Apache NetBeans.app/Contents/Resources/netbeans/java/modules/ext/jaxws22/mimepull.jar:/Applications/Apache NetBeans.app/Contents/Resources/netbeans/java/modules/ext/jaxws22/policy.jar:/Applications/Apache NetBeans.app/Contents/Resources/netbeans/java/modules/ext/jaxws22/saaj-impl.jar:/Applications/Apache NetBeans.app/Contents/Resources/netbeans/java/modules/ext/jaxws22/stax-ex.jar:/Applications/Apache NetBeans.app/Contents/Resources/netbeans/java/modules/ext/jaxws22/stax2-api.jar:/Applications/Apache NetBeans.app/Contents/Resources/netbeans/java/modules/ext/jaxws22/streambuffer.jar:/Applications/Apache NetBeans.app/Contents/Resources/netbeans/java/modules/ext/jaxws22/woodstox-core.jar:/Applications/Apache NetBeans.app/Contents/Resources/netbeans/ide/modules/ext/jaxb/api/jaxb-api.jar:/Applications/Apache NetBeans.app/Contents/Resources/netbeans/ide/modules/ext/jaxb/activation.jar:/Applications/Apache NetBeans.app/Contents/Resources/netbeans/ide/modules/ext/jaxb/jaxb-impl.jar:/Applications/Apache NetBeans.app/Contents/Resources/netbeans/ide/modules/ext/jaxb/jaxb-xjc.jar" />
    <property name="libs.restapi.classpath" value="/Applications/Apache NetBeans.app/Contents/Resources/netbeans/enterprise/modules/ext/jaxrs-2.1/jakarta.ws.rs-api-2.1.6.jar" />
    <property name="os.arch" value="x86_64" />
    <property name="build.generated.dir" value="build/generated" />
    <property name="libs.jakartaee-web-api-11.0.classpath" value="/Applications/Apache NetBeans.app/Contents/Resources/netbeans/enterprise/modules/ext/jakarta.jakartaee-web-api-11.0.0.jar" />
    <property name="libs.groovy-all.javadoc" value="" />
    <property name="libs.jakartaee-api-8.0.classpath" value="/Applications/Apache NetBeans.app/Contents/Resources/netbeans/enterprise/modules/ext/jakarta.jakartaee-api-8.0.0.jar" />
    <property name="libs.javaee-web-api-7.0.javadoc" value="/Applications/Apache NetBeans.app/Contents/Resources/netbeans/enterprise/docs/javaee-doc-api.jar" />
    <property name="libs.javaee-endorsed-api-6.0.src" value="" />
    <property name="jnlp.descriptor" value="application" />
    <property name="libs.javaee-endorsed-api-7.0.classpath" value="/Applications/Apache NetBeans.app/Contents/Resources/netbeans/enterprise/modules/ext/javaee7-endorsed/javax.annotation-api.jar:/Applications/Apache NetBeans.app/Contents/Resources/netbeans/enterprise/modules/ext/javaee7-endorsed/javax.xml.soap-api.jar:/Applications/Apache NetBeans.app/Contents/Resources/netbeans/enterprise/modules/ext/javaee7-endorsed/jaxb-api-osgi.jar:/Applications/Apache NetBeans.app/Contents/Resources/netbeans/enterprise/modules/ext/javaee7-endorsed/jaxws-api.jar:/Applications/Apache NetBeans.app/Contents/Resources/netbeans/enterprise/modules/ext/javaee7-endorsed/jsr181-api.jar" />
    <property name="libs.primefaces.maven-pom" value="" />
    <property name="org.netbeans.io.suspend" value="0" />
    <property name="ant.project.name" value="saeJava" />
    <property name="dist.javadoc.dir" value="dist/javadoc" />
    <property name="default.javac.target" value="23" />
    <property name="libs.eclipselink.classpath" value="/Applications/Apache NetBeans.app/Contents/Resources/netbeans/java/modules/ext/eclipselink/org.eclipse.persistence.core-2.7.12.jar:/Applications/Apache NetBeans.app/Contents/Resources/netbeans/java/modules/ext/eclipselink/org.eclipse.persistence.asm-9.4.0.jar:/Applications/Apache NetBeans.app/Contents/Resources/netbeans/java/modules/ext/eclipselink/org.eclipse.persistence.antlr-2.7.12.jar:/Applications/Apache NetBeans.app/Contents/Resources/netbeans/java/modules/ext/eclipselink/org.eclipse.persistence.jpa-2.7.12.jar:/Applications/Apache NetBeans.app/Contents/Resources/netbeans/java/modules/ext/eclipselink/org.eclipse.persistence.jpa.jpql-2.7.12.jar:/Applications/Apache NetBeans.app/Contents/Resources/netbeans/java/modules/ext/eclipselink/org.eclipse.persistence.moxy-2.7.12.jar:/Applications/Apache NetBeans.app/Contents/Resources/netbeans/java/modules/ext/eclipselink/jakarta.persistence-2.2.3.jar" />
    <property name="libs.PostgreSQLDriver.maven-pom" value="" />
    <property name="libs.absolutelayout.src" value="" />
    <property name="libs.jakartaee-api-11.0.classpath" value="/Applications/Apache NetBeans.app/Contents/Resources/netbeans/enterprise/modules/ext/jakarta.jakartaee-api-11.0.0.jar" />
    <property name="testng.mode" value="testng" />
    <property name="annotation.processing.enabled.in.editor" value="false" />
    <property name="java.vm.compressedOopsMode" value="Zero based" />
    <property name="netbeans.productversion" value="Apache NetBeans IDE 23" />
    <property name="mkdist.disabled" value="false" />
    <property name="libs.javaee-web-api-6.0.javadoc" value="/Applications/Apache NetBeans.app/Contents/Resources/netbeans/enterprise/docs/javaee-doc-api.jar" />
    <property name="libs.groovy-all.classpath" value="/Applications/Apache NetBeans.app/Contents/Resources/netbeans/groovy/modules/ext/groovy-3.0.8.jar:/Applications/Apache NetBeans.app/Contents/Resources/netbeans/groovy/modules/ext/groovy-ant-3.0.8.jar" />
    <property name="libs.javaee-api-7.0.maven-pom" value="" />
    <property name="libs.absolutelayout.javadoc" value="" />
    <property name="module.build.classes.dir" value="build/classes" />
    <property name="annotation.processing.processor.options" value="" />
    <property name="libs.jaxb.maven-pom" value="" />
    <property name="libs.javaee-api-6.0.maven-pom" value="" />
    <property name="dist.dir" value="dist" />
    <property name="build.dir" value="build" />
    <property name="libs.graaljs.maven-pom" value="" />
    <property name="netbeans.autoupdate.variant" value="" />
    <property name="javadoc.version" value="false" />
    <property name="libs.metro.classpath" value="/Applications/Apache NetBeans.app/Contents/Resources/netbeans/ide/modules/ext/jaxb/activation.jar:/Applications/Apache NetBeans.app/Contents/Resources/netbeans/enterprise/modules/ext/metro/webservices-api.jar:/Applications/Apache NetBeans.app/Contents/Resources/netbeans/enterprise/modules/ext/metro/webservices-extra-api.jar:/Applications/Apache NetBeans.app/Contents/Resources/netbeans/enterprise/modules/ext/metro/webservices-extra.jar:/Applications/Apache NetBeans.app/Contents/Resources/netbeans/enterprise/modules/ext/metro/webservices-rt.jar:/Applications/Apache NetBeans.app/Contents/Resources/netbeans/enterprise/modules/ext/metro/webservices-tools.jar" />
    <property name="libs.metro.src" value="" />
    <property name="libs.CopyLibs.classpath" value="/Applications/Apache NetBeans.app/Contents/Resources/netbeans/java/ant/extra/org-netbeans-modules-java-j2seproject-copylibstask.jar" />
    <property name="libs.jakartaee-api-11.0.javadoc" value="/Applications/Apache NetBeans.app/Contents/Resources/netbeans/enterprise/docs/jakartaee11-doc-api.jar" />
    <property name="javadoc.html5" value="false" />
    <property name="javac.test.processorpath" value=":build/classes:../Junit/hamcrest-core-1.3.jar:../Junit/hamcrest-junit-2.0.0.0.jar:../Junit/java-hamcrest-2.0.0.0.jar:../Junit/junit-4.12.jar" />
    <property name="libs.javaee-web-api-7.0.maven-pom" value="" />
    <property name="libs.javaee-web-api-8.0.maven-pom" value="" />
    <property name="netbeans.dirs" value="/Applications/Apache NetBeans.app/Contents/Resources/netbeans/nb:/Applications/Apache NetBeans.app/Contents/Resources/netbeans/ergonomics:/Applications/Apache NetBeans.app/Contents/Resources/netbeans/ide:/Applications/Apache NetBeans.app/Contents/Resources/netbeans/extide:/Applications/Apache NetBeans.app/Contents/Resources/netbeans/java:/Applications/Apache NetBeans.app/Contents/Resources/netbeans/apisupport:/Applications/Apache NetBeans.app/Contents/Resources/netbeans/webcommon:/Applications/Apache NetBeans.app/Contents/Resources/netbeans/websvccommon:/Applications/Apache NetBeans.app/Contents/Resources/netbeans/enterprise:/Applications/Apache NetBeans.app/Contents/Resources/netbeans/mobility:/Applications/Apache NetBeans.app/Contents/Resources/netbeans/profiler:/Applications/Apache NetBeans.app/Contents/Resources/netbeans/python:/Applications/Apache NetBeans.app/Contents/Resources/netbeans/php:/Applications/Apache NetBeans.app/Contents/Resources/netbeans/identity:/Applications/Apache NetBeans.app/Contents/Resources/netbeans/harness:/Applications/Apache NetBeans.app/Contents/Resources/netbeans/cnd:/Applications/Apache NetBeans.app/Contents/Resources/netbeans/cndext:/Applications/Apache NetBeans.app/Contents/Resources/netbeans/cpplite:/Applications/Apache NetBeans.app/Contents/Resources/netbeans/dlight:/Applications/Apache NetBeans.app/Contents/Resources/netbeans/groovy:/Applications/Apache NetBeans.app/Contents/Resources/netbeans/extra:/Applications/Apache NetBeans.app/Contents/Resources/netbeans/javacard:/Applications/Apache NetBeans.app/Contents/Resources/netbeans/javafx:/Applications/Apache NetBeans.app/Contents/Resources/netbeans/rust:" />
    <property name="libs.hamcrest.maven-pom" value="" />
    <property name="javac.processorpath" value="" />
    <property name="libs.javaee-api-6.0.javadoc" value="/Applications/Apache NetBeans.app/Contents/Resources/netbeans/enterprise/docs/javaee-doc-api.jar" />
    <property name="libs.JWSAntTasks.maven-pom" value="" />
    <property name="platform.javac.tmp" value="${platforms.JDK_21.javac}" />
    <property name="run.modulepath" value="" />
    <property name="javac.upgrademodulepath" value="" />
    <property name="jnlp.codebase.type" value="no.codebase" />
    <property name="do.archive+manifest.available" value="true" />
    <property name="apple.laf.useScreenMenuBar" value="true" />
    <property name="user.country" value="FR" />
    <property name="sun.java.launcher" value="SUN_STANDARD" />
    <property name="libs.jakartaee-api-9.0.maven-pom" value="" />
    <property name="libs.jpa20-persistence.src" value="" />
    <property name="libs.restapi.javadoc" value="" />
    <property name="endorsed.classpath" value="" />
    <property name="javac.test.sourcepath" value="/Users/Salome/Desktop/SAE_java/sae_java/saeJava/build/empty" />
    <property name="includes" value="**" />
    <property name="file.reference.hamcrest-core-1.3.jar" value="../Junit/hamcrest-core-1.3.jar" />
    <property name="libs.hamcrest.classpath" value="/Applications/Apache NetBeans.app/Contents/Resources/netbeans/platform/modules/ext/hamcrest-core-1.3.jar" />
    <property name="javadoc.splitindex" value="true" />
    <property name="libs.JWSAntTasks.classpath" value="/Applications/Apache NetBeans.app/Contents/Resources/netbeans/java/ant/extra/org-netbeans-modules-javawebstart-anttasks.jar" />
    <property name="junit.available" value="true" />
    <property name="javac.processormodulepath" value="" />
    <property name="manifest.custom.application.library.allowable.codebase" value="" />
    <property name="javadoc.encoding" value="UTF-8" />
    <property name="libs.jakartaee-api-11.0.src" value="" />
    <property name="netbeans.hash.code" value="unique=0a9bb14a0-8514-43ce-a4bb-dbdb02543267_44996321-927b-4549-8f70-0b28dee3d665" />
    <property name="libs.jsp-compilation-syscp.maven-pom" value="" />
    <property name="libs.jstl.src" value="" />
    <property name="jlink.strip" value="false" />
    <property name="platform.javadoc" value="/Library/Java/JavaVirtualMachines/jdk-21.jdk/Contents/Home/bin/javadoc" />
    <property name="java.runtime.name" value="Java(TM) SE Runtime Environment" />
    <property name="libs.jaxb.javadoc" value="/Applications/Apache NetBeans.app/Contents/Resources/netbeans/ide/docs/jaxb-api-doc.jar" />
    <property name="manifest.available" value="true" />
    <property name="libs.spring-framework500.maven-pom" value="" />
    <property name="run.jvmargs.ide" value="" />
    <property name="ant.core.lib" value="/Applications/Apache NetBeans.app/Contents/Resources/netbeans/extide/ant/lib/ant.jar" />
    <property name="libs.jsp-compilation.maven-pom" value="" />
    <property name="javac.profile.cmd.line.arg" value="" />
    <property name="libs.jakartaee-web-api-11.0.src" value="" />
    <property name="libs.jakartaee-api-9.0.classpath" value="/Applications/Apache NetBeans.app/Contents/Resources/netbeans/enterprise/modules/ext/jakarta.jakartaee-api-9.0.0.jar" />
    <property name="application.title" value="saeJava" />
    <property name="do.archive+main.class.available" value="true" />
    <property name="libs.jakartaee-api-10.0.src" value="" />
    <property name="javac.test.modulepath" value="" />
    <property name="libs.PostgreSQLDriver.javadoc" value="" />
    <property name="libs.jsp-compilation-syscp.classpath" value="/Applications/Apache NetBeans.app/Contents/Resources/netbeans/extide/ant/lib/ant.jar:/Applications/Apache NetBeans.app/Contents/Resources/netbeans/enterprise/modules/ext/servlet4.0-jsp2.3-api.jar:/Applications/Apache NetBeans.app/Contents/Resources/netbeans/enterprise/modules/ext/glassfish-jspparser-5.1.0.jar:/Applications/Apache NetBeans.app/Contents/Resources/netbeans/enterprise/modules/ext/jstl-impl.jar:/Applications/Apache NetBeans.app/Contents/Resources/netbeans/enterprise/modules/ext/jsf-2_2/javax.faces.jar" />
    <property name="libs.jsp-compilation.classpath" value="/Applications/Apache NetBeans.app/Contents/Resources/netbeans/extide/ant/lib/ant.jar:/Applications/Apache NetBeans.app/Contents/Resources/netbeans/enterprise/modules/ext/servlet4.0-jsp2.3-api.jar:/Applications/Apache NetBeans.app/Contents/Resources/netbeans/enterprise/modules/ext/glassfish-jspparser-5.1.0.jar:/Applications/Apache NetBeans.app/Contents/Resources/netbeans/enterprise/modules/ext/jsf-2_2/javax.faces.jar:/Applications/Apache NetBeans.app/Contents/Resources/netbeans/enterprise/modules/ext/jstl-api.jar:/Applications/Apache NetBeans.app/Contents/Resources/netbeans/extide/ant/lib/ant-launcher.jar" />
    <property name="org.apache.commons.logging.Log" value="org.apache.commons.logging.impl.Jdk14Logger" />
    <property name="libs.javaee-api-6.0.classpath" value="/Applications/Apache NetBeans.app/Contents/Resources/netbeans/enterprise/modules/ext/javaee-api-6.0.jar" />
    <property name="javac.includesfile.binary" value="/Users/Salome/Desktop/SAE_java/sae_java/saeJava/null87771481" />
    <property name="libs.javaee-api-7.0.classpath" value="/Applications/Apache NetBeans.app/Contents/Resources/netbeans/enterprise/modules/ext/javaee-api-7.0.jar" />
    <property name="libs.restapi.maven-pom" value="" />
    <property name="javadoc.preview" value="true" />
    <property name="do.depend" value="false" />
    <property name="libs.jakartaee-web-api-10.0.src" value="" />
    <property name="jnlp.signing.alias" value="" />
    <property name="sun.arch.data.model" value="64" />
    <property name="libs.jakartaee-web-api-9.0.maven-pom" value="" />
    <property name="libs.javaee-endorsed-api-7.0.src" value="" />
    <property name="annotation.processing.enabled" value="true" />
    <property name="libs.junit_5.src" value="/Applications/Apache NetBeans.app/Contents/Resources/netbeans/platform/docs/junit-jupiter-api-5.10.3-sources.jar:/Applications/Apache NetBeans.app/Contents/Resources/netbeans/platform/docs/junit-jupiter-params-5.10.3-sources.jar:/Applications/Apache NetBeans.app/Contents/Resources/netbeans/platform/docs/junit-jupiter-engine-5.10.3-sources.jar" />
    <property name="libs.jaxb.classpath" value="/Applications/Apache NetBeans.app/Contents/Resources/netbeans/ide/modules/ext/jaxb/jaxb-impl.jar:/Applications/Apache NetBeans.app/Contents/Resources/netbeans/ide/modules/ext/jaxb/jaxb-xjc.jar:/Applications/Apache NetBeans.app/Contents/Resources/netbeans/ide/modules/ext/jaxb/activation.jar:/Applications/Apache NetBeans.app/Contents/Resources/netbeans/ide/modules/ext/jaxb/api/jaxb-api.jar" />
    <property name="libs.javaee-api-8.0.classpath" value="/Applications/Apache NetBeans.app/Contents/Resources/netbeans/enterprise/modules/ext/javaee-api-8.0.jar" />
    <property name="libs.CopyLibs.src" value="" />
    <property name="javac.source" value="21" />
    <property name="java.specification.vendor" value="Oracle Corporation" />
    <property name="java.version.date" value="2024-10-15" />
    <property name="java.home" value="/Library/Java/JavaVirtualMachines/jdk-21.jdk/Contents/Home" />
    <property name="work.dir" value="/Users/Salome/Desktop/SAE_java/sae_java/saeJava" />
    <property name="javac.test.compilerargs" value="" />
    <property name="jna.boot.library.name" value="jnidispatch-nb" />
    <property name="libs.PostgreSQLDriver.classpath" value="/Applications/Apache NetBeans.app/Contents/Resources/netbeans/ide/modules/ext/postgresql-42.5.4.jar" />
    <property name="libs.graaljs.javadoc" value="" />
    <property name="file.reference.hamcrest-junit-2.0.0.0.jar" value="../Junit/hamcrest-junit-2.0.0.0.jar" />
    <property name="libs.JAXB-ENDORSED.src" value="" />
    <property name="manifest.encoding" value="UTF-8" />
    <property name="manifest.custom.permissions" value="" />
    <property name="sun.management.compiler" value="HotSpot 64-Bit Tiered Compilers" />
    <property name="run.test.modulepath" value="" />
    <property name="libs.graaljs.classpath" value="/Applications/Apache NetBeans.app/Contents/Resources/netbeans/webcommon/modules/ext/js-launcher-24.0.0.jar:/Applications/Apache NetBeans.app/Contents/Resources/netbeans/webcommon/modules/ext/js-language-24.0.0.jar:/Applications/Apache NetBeans.app/Contents/Resources/netbeans/webcommon/modules/ext/js-scriptengine-24.0.0.jar:/Applications/Apache NetBeans.app/Contents/Resources/netbeans/webcommon/modules/ext/regex-24.0.0.jar:/Applications/Apache NetBeans.app/Contents/Resources/netbeans/webcommon/modules/ext/icu4j-24.0.0.jar:/Applications/Apache NetBeans.app/Contents/Resources/netbeans/ide/modules/ext/collections-24.0.0.jar:/Applications/Apache NetBeans.app/Contents/Resources/netbeans/ide/modules/ext/jline-24.0.0.jar:/Applications/Apache NetBeans.app/Contents/Resources/netbeans/ide/modules/ext/jniutils-24.0.0.jar:/Applications/Apache NetBeans.app/Contents/Resources/netbeans/ide/modules/ext/launcher-common-24.0.0.jar:/Applications/Apache NetBeans.app/Contents/Resources/netbeans/ide/modules/ext/nativeimage-24.0.0.jar:/Applications/Apache NetBeans.app/Contents/Resources/netbeans/ide/modules/ext/polyglot-24.0.0.jar:/Applications/Apache NetBeans.app/Contents/Resources/netbeans/ide/modules/ext/word-24.0.0.jar:/Applications/Apache NetBeans.app/Contents/Resources/netbeans/ide/modules/ext/truffle-api-24.0.0.jar:/Applications/Apache NetBeans.app/Contents/Resources/netbeans/ide/modules/ext/truffle-compiler-24.0.0.jar:/Applications/Apache NetBeans.app/Contents/Resources/netbeans/ide/modules/ext/truffle-runtime-24.0.0.jar" />
    <property name="libs.javaee-web-api-6.0.classpath" value="/Applications/Apache NetBeans.app/Contents/Resources/netbeans/enterprise/modules/ext/javaee-web-api-6.0.jar" />
    <property name="libs.jsp-compiler.javadoc" value="" />
    <property name="debug.test.modulepath" value="" />
    <property name="libs.javaee-web-api-7.0.classpath" value="/Applications/Apache NetBeans.app/Contents/Resources/netbeans/enterprise/modules/ext/javaee-web-api-7.0.jar" />
    <property name="file.encoding" value="UTF-8" />
    <property name="java.util.logging.config.class" value="org.netbeans.core.startup.TopLogging" />
    <property name="libs.restlib.javadoc" value="" />
    <property name="libs.absolutelayout.classpath" value="/Applications/Apache NetBeans.app/Contents/Resources/netbeans/java/modules/ext/AbsoluteLayout.jar" />
    <property name="do.archive" value="true" />
    <property name="built-jar.properties" value="/Users/Salome/Desktop/SAE_java/sae_java/saeJava/build/built-jar.properties" />
    <property name="nb.native.filechooser" value="false" />
    <property name="libs.testng.src" value="" />
    <property name="libs.javaee-web-api-8.0.classpath" value="/Applications/Apache NetBeans.app/Contents/Resources/netbeans/enterprise/modules/ext/javaee-web-api-8.0.jar" />
    <property name="platform.active" value="JDK_21" />
    <property name="manifest.file" value="manifest.mf" />
    <property name="stderr.encoding" value="UTF-8" />
    <property name="sun.io.unicode.encoding" value="UnicodeBig" />
    <property name="default.javac.source" value="23" />
    <property name="libs.javaee-web-api-8.0.javadoc" value="/Applications/Apache NetBeans.app/Contents/Resources/netbeans/enterprise/docs/javaee-doc-api.jar" />
    <property name="netbeans.dynamic.classpath" value="/Applications/Apache NetBeans.app/Contents/Resources/netbeans/platform/core/asm-9.7.jar:/Applications/Apache NetBeans.app/Contents/Resources/netbeans/platform/core/asm-commons-9.7.jar:/Applications/Apache NetBeans.app/Contents/Resources/netbeans/platform/core/org-netbeans-libs-asm.jar:/Applications/Apache NetBeans.app/Contents/Resources/netbeans/platform/core/org-openide-filesystems-compat8.jar:/Applications/Apache NetBeans.app/Contents/Resources/netbeans/platform/core/asm-tree-9.7.jar:/Applications/Apache NetBeans.app/Contents/Resources/netbeans/platform/core/org-openide-filesystems.jar:/Applications/Apache NetBeans.app/Contents/Resources/netbeans/platform/core/core.jar:/Applications/Apache NetBeans.app/Contents/Resources/netbeans/platform/core/core-base.jar:/Applications/Apache NetBeans.app/Contents/Resources/netbeans/nb/core/org-netbeans-upgrader.jar:/Applications/Apache NetBeans.app/Contents/Resources/netbeans/nb/core/locale/core_nb.jar" />
    <property name="flatlaf.nativeLibraryPath" value="system" />
    <property name="libs.eclipselinkmodelgen.classpath" value="/Applications/Apache NetBeans.app/Contents/Resources/netbeans/java/modules/ext/eclipselink/org.eclipse.persistence.jpa.modelgen.processor-2.7.12.jar" />
    <property name="truffle.UseFallbackRuntime" value="true" />
    <property name="javac.systemmodulepath.cmd.line.arg" value="" />
    <property name="ant.file.saeJava" value="/Users/Salome/Desktop/SAE_java/sae_java/saeJava/build.xml" />
    <property name="netbeans.buildnumber" value="23-2985f1fa57ce0c1877bad0f86d5e5504d65f9286" />
    <property name="php.global.include.path" value="" />
    <property name="endorsed.classpath.cmd.line.arg" value="" />
    <property name="libs.jpa20-persistence.maven-pom" value="" />
    <property name="build.sysclasspath" value="ignore" />
    <property name="os.name" value="Mac OS X" />
    <property name="libs.CopyLibs.maven-pom" value="" />
    <property name="libs.jakartaee-api-8.0.maven-pom" value="" />
    <property name="javadoc.author" value="false" />
    <property name="main.class" value="saejava1.Main" />
    <property name="libs.jsp-compilation-syscp.javadoc" value="" />
    <property name="source.encoding" value="UTF-8" />
    <property name="jar.compress" value="false" />
    <property name="libs.javaee-api-7.0.javadoc" value="/Applications/Apache NetBeans.app/Contents/Resources/netbeans/enterprise/docs/javaee-doc-api.jar" />
    <property name="flatlaf.updateUIOnSystemFontChange" value="false" />
    <property name="libs.spring-webmvc5.0.src" value="" />
    <property name="jnlp.mixed.code" value="default" />
    <property name="libs.jsf20.maven-pom" value="" />
    <property name="libs.restlib.classpath" value="/Applications/Apache NetBeans.app/Contents/Resources/netbeans/enterprise/modules/ext/jersey2/jakarta.annotation-api-2.1.1.jar:/Applications/Apache NetBeans.app/Contents/Resources/netbeans/enterprise/modules/ext/jersey2/jakarta.persistence-api-2.2.3.jar:/Applications/Apache NetBeans.app/Contents/Resources/netbeans/enterprise/modules/ext/jersey2/jakarta.servlet-api-4.0.4.jar:/Applications/Apache NetBeans.app/Contents/Resources/netbeans/enterprise/modules/ext/jersey2/jakarta.validation-api-2.0.2.jar:/Applications/Apache NetBeans.app/Contents/Resources/netbeans/enterprise/modules/ext/jersey2/jakarta.xml.bind-api-2.3.3.jar:/Applications/Apache NetBeans.app/Contents/Resources/netbeans/enterprise/modules/ext/jersey2/jersey-client-2.35.jar:/Applications/Apache NetBeans.app/Contents/Resources/netbeans/enterprise/modules/ext/jersey2/jersey-common-2.35.jar:/Applications/Apache NetBeans.app/Contents/Resources/netbeans/enterprise/modules/ext/jersey2/jersey-server-2.35.jar:/Applications/Apache NetBeans.app/Contents/Resources/netbeans/enterprise/modules/ext/jersey2/jersey-entity-filtering-2.35.jar:/Applications/Apache NetBeans.app/Contents/Resources/netbeans/enterprise/modules/ext/jersey2/jersey-hk2-2.35.jar:/Applications/Apache NetBeans.app/Contents/Resources/netbeans/enterprise/modules/ext/jersey2/jersey-media-moxy-2.35.jar:/Applications/Apache NetBeans.app/Contents/Resources/netbeans/enterprise/modules/ext/jersey2/jersey-container-servlet-2.35.jar:/Applications/Apache NetBeans.app/Contents/Resources/netbeans/enterprise/modules/ext/jersey2/jersey-container-servlet-core-2.35.jar:/Applications/Apache NetBeans.app/Contents/Resources/netbeans/enterprise/modules/ext/jersey2/hk2-api-2.6.1.jar:/Applications/Apache NetBeans.app/Contents/Resources/netbeans/enterprise/modules/ext/jersey2/hk2-locator-2.6.1.jar:/Applications/Apache NetBeans.app/Contents/Resources/netbeans/enterprise/modules/ext/jersey2/hk2-utils-2.6.1.jar:/Applications/Apache NetBeans.app/Contents/Resources/netbeans/enterprise/modules/ext/jersey2/jakarta.inject-2.6.1.jar:/Applications/Apache NetBeans.app/Contents/Resources/netbeans/enterprise/modules/ext/jersey2/aopalliance-repackaged-2.6.1.jar:/Applications/Apache NetBeans.app/Contents/Resources/netbeans/enterprise/modules/ext/jersey2/osgi.core-8.0.0.jar:/Applications/Apache NetBeans.app/Contents/Resources/netbeans/enterprise/modules/ext/jersey2/osgi-resource-locator-1.0.3.jar:/Applications/Apache NetBeans.app/Contents/Resources/netbeans/java/modules/ext/eclipselink/org.eclipse.persistence.core-2.7.12.jar:/Applications/Apache NetBeans.app/Contents/Resources/netbeans/java/modules/ext/eclipselink/org.eclipse.persistence.asm-9.4.0.jar:/Applications/Apache NetBeans.app/Contents/Resources/netbeans/java/modules/ext/eclipselink/org.eclipse.persistence.antlr-2.7.12.jar:/Applications/Apache NetBeans.app/Contents/Resources/netbeans/java/modules/ext/eclipselink/org.eclipse.persistence.jpa-2.7.12.jar:/Applications/Apache NetBeans.app/Contents/Resources/netbeans/java/modules/ext/eclipselink/org.eclipse.persistence.jpa.jpql-2.7.12.jar:/Applications/Apache NetBeans.app/Contents/Resources/netbeans/java/modules/ext/eclipselink/org.eclipse.persistence.moxy-2.7.12.jar" />
    <property name="libs.jakartaee-web-api-8.0.javadoc" value="/Applications/Apache NetBeans.app/Contents/Resources/netbeans/enterprise/docs/jakartaee8-doc-api.jar" />
    <property name="libs.graaljs.src" value="" />
    <property name="run.jvmargs" value=" --enable-preview" />
    <property name="libs.primefaces.src" value="" />
    <property name="ant.file" value="/Users/Salome/Desktop/SAE_java/sae_java/saeJava/build.xml" />
    <property name="stdout.encoding" value="UTF-8" />
    <property name="path.separator" value=":" />
    <property name="libs.JAXB-ENDORSED.classpath" value="/Applications/Apache NetBeans.app/Contents/Resources/netbeans/ide/modules/ext/jaxb/api/jaxb-api.jar" />
    <property name="libs.restlib.src" value="" />
    <property name="build.test.results.dir" value="build/test/results" />
    <property name="libs.jaxws21.javadoc" value="/Applications/Apache NetBeans.app/Contents/Resources/netbeans/java/docs/jaxws-api-doc.zip" />
    <property name="libs.javaee-endorsed-api-6.0.javadoc" value="/Applications/Apache NetBeans.app/Contents/Resources/netbeans/enterprise/docs/javaee-doc-api.jar" />
    <property name="ap.processors.internal" value="" />
    <property name="module.name" value="" />
    <property name="libs.spring-webmvc5.0.javadoc" value="" />
    <property name="libs.hamcrest.javadoc" value="" />
    <property name="platform.javadoc.tmp" value="${platforms.JDK_21.javadoc}" />
    <property name="do.jar" value="true" />
    <property name="java.vm.info" value="mixed mode, sharing" />
    <property name="libs.primefaces.classpath" value="/Applications/Apache NetBeans.app/Contents/Resources/netbeans/enterprise/modules/ext/primefaces/primefaces-5.0.jar" />
    <property name="libs.jaxws21.maven-pom" value="" />
    <property name="run.test.classpath" value=":build/classes:../Junit/hamcrest-core-1.3.jar:../Junit/hamcrest-junit-2.0.0.0.jar:../Junit/java-hamcrest-2.0.0.0.jar:../Junit/junit-4.12.jar:build/test/classes" />
    <property name="dist.jlink.output" value="dist/jlink/saeJava" />
    <property name="java.class.version" value="65.0" />
    <property name="javadoc.encoding.used" value="UTF-8" />
    <property name="src.dir" value="src" />
    <property name="debug.classpath" value=":build/classes" />
    <property name="ant.project.default-target" value="default" />
    <property name="excludes" value="" />
    <property name="libs.javaee-api-7.0.src" value="" />
    <property name="platform.java.tmp" value="${platforms.JDK_21.java}" />
    <property name="sun.jnu.encoding" value="UTF-8" />
    <property name="libs.junit_4.javadoc" value="/Applications/Apache NetBeans.app/Contents/Resources/netbeans/platform/docs/junit-4.13.2-javadoc.jar" />
    <property name="run.test.jvmargs" value="" />
    <property name="jnlp.offline-allowed" value="false" />
    <property name="sun.java2d.dpiaware" value="true" />
    <property name="main.class.available" value="true" />
    <property name="libs.jsf20.javadoc" value="/Applications/Apache NetBeans.app/Contents/Resources/netbeans/enterprise/docs/javaee-doc-api.jar" />
    <property name="netbeans.importclass" value="org.netbeans.upgrade.AutoUpgrade" />
    <property name="jar.archive.disabled" value="false" />
    <property name="netbeans.autoupdate.version" value="1.23" />
    <property name="empty.dir" value="/Users/Salome/Desktop/SAE_java/sae_java/saeJava/build/empty" />
    <property name="libs.jakartaee-api-10.0.classpath" value="/Applications/Apache NetBeans.app/Contents/Resources/netbeans/enterprise/modules/ext/jakarta.jakartaee-api-10.0.0.jar" />
    <property name="netbeans.user" value="/Users/Salome/Library/Application Support/NetBeans/23" />
    <property name="platforms.JDK_21.bootclasspath" value="/Library/Java/JavaVirtualMachines/jdk-21.jdk/Contents/Home/!/modules/java.base/:/Library/Java/JavaVirtualMachines/jdk-21.jdk/Contents/Home/!/modules/java.compiler/:/Library/Java/JavaVirtualMachines/jdk-21.jdk/Contents/Home/!/modules/java.datatransfer/:/Library/Java/JavaVirtualMachines/jdk-21.jdk/Contents/Home/!/modules/java.desktop/:/Library/Java/JavaVirtualMachines/jdk-21.jdk/Contents/Home/!/modules/java.instrument/:/Library/Java/JavaVirtualMachines/jdk-21.jdk/Contents/Home/!/modules/java.logging/:/Library/Java/JavaVirtualMachines/jdk-21.jdk/Contents/Home/!/modules/java.management/:/Library/Java/JavaVirtualMachines/jdk-21.jdk/Contents/Home/!/modules/java.management.rmi/:/Library/Java/JavaVirtualMachines/jdk-21.jdk/Contents/Home/!/modules/java.naming/:/Library/Java/JavaVirtualMachines/jdk-21.jdk/Contents/Home/!/modules/java.net.http/:/Library/Java/JavaVirtualMachines/jdk-21.jdk/Contents/Home/!/modules/java.prefs/:/Library/Java/JavaVirtualMachines/jdk-21.jdk/Contents/Home/!/modules/java.rmi/:/Library/Java/JavaVirtualMachines/jdk-21.jdk/Contents/Home/!/modules/java.scripting/:/Library/Java/JavaVirtualMachines/jdk-21.jdk/Contents/Home/!/modules/java.se/:/Library/Java/JavaVirtualMachines/jdk-21.jdk/Contents/Home/!/modules/java.security.jgss/:/Library/Java/JavaVirtualMachines/jdk-21.jdk/Contents/Home/!/modules/java.security.sasl/:/Library/Java/JavaVirtualMachines/jdk-21.jdk/Contents/Home/!/modules/java.smartcardio/:/Library/Java/JavaVirtualMachines/jdk-21.jdk/Contents/Home/!/modules/java.sql/:/Library/Java/JavaVirtualMachines/jdk-21.jdk/Contents/Home/!/modules/java.sql.rowset/:/Library/Java/JavaVirtualMachines/jdk-21.jdk/Contents/Home/!/modules/java.transaction.xa/:/Library/Java/JavaVirtualMachines/jdk-21.jdk/Contents/Home/!/modules/java.xml/:/Library/Java/JavaVirtualMachines/jdk-21.jdk/Contents/Home/!/modules/java.xml.crypto/:/Library/Java/JavaVirtualMachines/jdk-21.jdk/Contents/Home/!/modules/jdk.accessibility/:/Library/Java/JavaVirtualMachines/jdk-21.jdk/Contents/Home/!/modules/jdk.attach/:/Library/Java/JavaVirtualMachines/jdk-21.jdk/Contents/Home/!/modules/jdk.charsets/:/Library/Java/JavaVirtualMachines/jdk-21.jdk/Contents/Home/!/modules/jdk.compiler/:/Library/Java/JavaVirtualMachines/jdk-21.jdk/Contents/Home/!/modules/jdk.crypto.cryptoki/:/Library/Java/JavaVirtualMachines/jdk-21.jdk/Contents/Home/!/modules/jdk.crypto.ec/:/Library/Java/JavaVirtualMachines/jdk-21.jdk/Contents/Home/!/modules/jdk.dynalink/:/Library/Java/JavaVirtualMachines/jdk-21.jdk/Contents/Home/!/modules/jdk.editpad/:/Library/Java/JavaVirtualMachines/jdk-21.jdk/Contents/Home/!/modules/jdk.hotspot.agent/:/Library/Java/JavaVirtualMachines/jdk-21.jdk/Contents/Home/!/modules/jdk.httpserver/:/Library/Java/JavaVirtualMachines/jdk-21.jdk/Contents/Home/!/modules/jdk.incubator.vector/:/Library/Java/JavaVirtualMachines/jdk-21.jdk/Contents/Home/!/modules/jdk.internal.ed/:/Library/Java/JavaVirtualMachines/jdk-21.jdk/Contents/Home/!/modules/jdk.internal.jvmstat/:/Library/Java/JavaVirtualMachines/jdk-21.jdk/Contents/Home/!/modules/jdk.internal.le/:/Library/Java/JavaVirtualMachines/jdk-21.jdk/Contents/Home/!/modules/jdk.internal.opt/:/Library/Java/JavaVirtualMachines/jdk-21.jdk/Contents/Home/!/modules/jdk.internal.vm.ci/:/Library/Java/JavaVirtualMachines/jdk-21.jdk/Contents/Home/!/modules/jdk.internal.vm.compiler/:/Library/Java/JavaVirtualMachines/jdk-21.jdk/Contents/Home/!/modules/jdk.internal.vm.compiler.management/:/Library/Java/JavaVirtualMachines/jdk-21.jdk/Contents/Home/!/modules/jdk.jartool/:/Library/Java/JavaVirtualMachines/jdk-21.jdk/Contents/Home/!/modules/jdk.javadoc/:/Library/Java/JavaVirtualMachines/jdk-21.jdk/Contents/Home/!/modules/jdk.jcmd/:/Library/Java/JavaVirtualMachines/jdk-21.jdk/Contents/Home/!/modules/jdk.jconsole/:/Library/Java/JavaVirtualMachines/jdk-21.jdk/Contents/Home/!/modules/jdk.jdeps/:/Library/Java/JavaVirtualMachines/jdk-21.jdk/Contents/Home/!/modules/jdk.jdi/:/Library/Java/JavaVirtualMachines/jdk-21.jdk/Contents/Home/!/modules/jdk.jdwp.agent/:/Library/Java/JavaVirtualMachines/jdk-21.jdk/Contents/Home/!/modules/jdk.jfr/:/Library/Java/JavaVirtualMachines/jdk-21.jdk/Contents/Home/!/modules/jdk.jlink/:/Library/Java/JavaVirtualMachines/jdk-21.jdk/Contents/Home/!/modules/jdk.jpackage/:/Library/Java/JavaVirtualMachines/jdk-21.jdk/Contents/Home/!/modules/jdk.jshell/:/Library/Java/JavaVirtualMachines/jdk-21.jdk/Contents/Home/!/modules/jdk.jsobject/:/Library/Java/JavaVirtualMachines/jdk-21.jdk/Contents/Home/!/modules/jdk.jstatd/:/Library/Java/JavaVirtualMachines/jdk-21.jdk/Contents/Home/!/modules/jdk.localedata/:/Library/Java/JavaVirtualMachines/jdk-21.jdk/Contents/Home/!/modules/jdk.management/:/Library/Java/JavaVirtualMachines/jdk-21.jdk/Contents/Home/!/modules/jdk.management.agent/:/Library/Java/JavaVirtualMachines/jdk-21.jdk/Contents/Home/!/modules/jdk.management.jfr/:/Library/Java/JavaVirtualMachines/jdk-21.jdk/Contents/Home/!/modules/jdk.naming.dns/:/Library/Java/JavaVirtualMachines/jdk-21.jdk/Contents/Home/!/modules/jdk.naming.rmi/:/Library/Java/JavaVirtualMachines/jdk-21.jdk/Contents/Home/!/modules/jdk.net/:/Library/Java/JavaVirtualMachines/jdk-21.jdk/Contents/Home/!/modules/jdk.nio.mapmode/:/Library/Java/JavaVirtualMachines/jdk-21.jdk/Contents/Home/!/modules/jdk.random/:/Library/Java/JavaVirtualMachines/jdk-21.jdk/Contents/Home/!/modules/jdk.sctp/:/Library/Java/JavaVirtualMachines/jdk-21.jdk/Contents/Home/!/modules/jdk.security.auth/:/Library/Java/JavaVirtualMachines/jdk-21.jdk/Contents/Home/!/modules/jdk.security.jgss/:/Library/Java/JavaVirtualMachines/jdk-21.jdk/Contents/Home/!/modules/jdk.unsupported/:/Library/Java/JavaVirtualMachines/jdk-21.jdk/Contents/Home/!/modules/jdk.unsupported.desktop/:/Library/Java/JavaVirtualMachines/jdk-21.jdk/Contents/Home/!/modules/jdk.xml.dom/:/Library/Java/JavaVirtualMachines/jdk-21.jdk/Contents/Home/!/modules/jdk.zipfs/" />
    <property name="javac.includes.binary" value="/Users/Salome/Desktop/SAE_java/sae_java/saeJava/build/test/classes/saejava/EnseignantExceptionsTests/EnseignantVideTest.class" />
    <property name="file.separator" value="/" />
    <property name="line.separator" value="&#xa;" />
    <property name="javadoc.additionalparam" value="" />
    <property name="jnlp.signed" value="false" />
    <property name="libs.spring-webmvc5.0.classpath" value="/Applications/Apache NetBeans.app/Contents/Resources/netbeans/java/modules/ext/spring-5/spring-webmvc-5.3.31.jar" />
    <property name="test.method" value="afficherEnseignantsTest" />
    <property name="org.apache.commons.logging.LogFactory" value="org.apache.commons.logging.impl.LogFactoryImpl" />
    <property name="javac.debug" value="true" />
    <property name="libs.restlib.maven-pom" value="" />
    <property name="libs.testng.classpath" value="/Applications/Apache NetBeans.app/Contents/Resources/netbeans/platform/modules/ext/testng-6.14.3.jar:/Applications/Apache NetBeans.app/Contents/Resources/netbeans/platform/modules/ext/jcommander-1.78.jar" />
    <property name="libs.jsp-compiler.src" value="" />
    <property name="user.name" value="Salome" />
    <property name="build.classes.dir" value="build/classes" />
    <property name="javadoc.windowtitle" value="" />
    <property name="nb.junit.single" value="true" />
    <property name="nb.internal.action.name" value="run.single.method" />
    <property name="libs.javaee-api-8.0.maven-pom" value="" />
    <property name="libs.jaxws21.src" value="" />
    <property name="libs.jakartaee-web-api-9.0.javadoc" value="/Applications/Apache NetBeans.app/Contents/Resources/netbeans/enterprise/docs/jakartaee9-doc-api.jar" />
    <property name="apple.awt.application.appearance" value="system" />
    <property name="ant.file.saeJava-impl" value="/Users/Salome/Desktop/SAE_java/sae_java/saeJava/nbproject/build-impl.xml" />
    <property name="jna.loaded" value="true" />
    <property name="libs.junit_5.maven-pom" value="" />
    <property name="libs.jpa20-persistence.javadoc" value="/Applications/Apache NetBeans.app/Contents/Resources/netbeans/java/modules/ext/docs/jakarta.persistence-2.2.3-doc.zip" />
    <property name="ant.junit.enabletestlistenerevents" value="true" />
    <property name="libs.JWSAntTasks.src" value="" />
    <property name="ant.home" value="/Applications/Apache NetBeans.app/Contents/Resources/netbeans/extide/ant" />
    <property name="debug.test.classpath" value=":build/classes:../Junit/hamcrest-core-1.3.jar:../Junit/hamcrest-junit-2.0.0.0.jar:../Junit/java-hamcrest-2.0.0.0.jar:../Junit/junit-4.12.jar:build/test/classes" />
    <property name="have.tests" value="true" />
    <property name="javac.external.vm" value="true" />
    <property name="testng.debug.mode" value="" />
    <property name="javac.target" value="21" />
    <property name="jnlp.signing" value="" />
    <property name="ant.version" value="Apache Ant(TM) version 1.10.14 compiled on August 16 2023" />
    <property name="libs.absolutelayout.maven-pom" value="" />
    <property name="java.failonerror" value="true" />
    <property name="javac.modulepath" value="" />
    <property name="libs.spring-framework500.src" value="" />
    <property name="user.properties.file" value="/Users/Salome/Library/Application Support/NetBeans/23/build.properties" />
    <property name="libs.javaee-api-6.0.src" value="" />
    <property name="javac.includes" value="saejava/EnseignantExceptionsTests/EnseignantVideTest.java" />
    <property name="netbeans.autoupdate.country" value="FR" />
    <property name="java.class.path" value="/Users/Salome/Desktop/SAE_java/sae_java/saeJava/build/classes:/Users/Salome/Desktop/SAE_java/sae_java/Junit/hamcrest-core-1.3.jar:/Users/Salome/Desktop/SAE_java/sae_java/Junit/hamcrest-junit-2.0.0.0.jar:/Users/Salome/Desktop/SAE_java/sae_java/Junit/java-hamcrest-2.0.0.0.jar:/Users/Salome/Desktop/SAE_java/sae_java/Junit/junit-4.12.jar:/Users/Salome/Desktop/SAE_java/sae_java/saeJava/build/test/classes:/Applications/Apache NetBeans.app/Contents/Resources/netbeans/extide/ant/lib/ant-launcher.jar:/Applications/Apache NetBeans.app/Contents/Resources/netbeans/extide/ant/lib/ant.jar:/Applications/Apache NetBeans.app/Contents/Resources/netbeans/extide/ant/lib/ant-junit.jar:/Applications/Apache NetBeans.app/Contents/Resources/netbeans/extide/ant/lib/ant-junit4.jar" />
    <property name="libs.javaee-web-api-6.0.maven-pom" value="" />
    <property name="java.vm.vendor" value="Oracle Corporation" />
    <property name="ap.supported.internal" value="true" />
    <property name="netbeans.home+have.tests" value="true" />
    <property name="test.binaryexcludes" value="" />
    <property name="javac.compilerargs" value=" --enable-preview" />
    <property name="libs.jstl.maven-pom" value="" />
    <property name="libs.jakartaee-web-api-8.0.src" value="" />
    <property name="sun.cpu.endian" value="little" />
    <property name="libs.jakartaee-api-9.0.src" value="" />
    <property name="libs.jakartaee-web-api-11.0.javadoc" value="/Applications/Apache NetBeans.app/Contents/Resources/netbeans/enterprise/docs/jakartaee11-doc-api.jar" />
    <property name="libs.junit_4.src" value="/Applications/Apache NetBeans.app/Contents/Resources/netbeans/platform/docs/junit-4.13.2-sources.jar" />
    <property name="user.language" value="fr" />
    <property name="copylibs.rebase" value="true" />
    <property name="libs.javaee-web-api-6.0.src" value="" />
    <property name="maven.defaultProjectBuilder.disableGlobalModelCache" value="true" />
    <property name="javadoc.nonavbar" value="false" />
    <property name="libs.javaee-api-8.0.src" value="" />
    <property name="ant.java.version" value="23" />
    <property name="libs.junit_4.classpath" value="/Applications/Apache NetBeans.app/Contents/Resources/netbeans/platform/modules/ext/junit-4.13.2.jar" />
    <property name="libs.jakartaee-api-9.0.javadoc" value="/Applications/Apache NetBeans.app/Contents/Resources/netbeans/enterprise/docs/jakartaee9-doc-api.jar" />
    <property name="jlink.launcher.name" value="saeJava" />
    <property name="test.binarytestincludes" value="" />
    <property name="apple.awt.application.name" value="JUnitTestRunner" />
    <property name="libs.spring-webmvc5.0.maven-pom" value="" />
    <property name="libs.junit_4.maven-pom" value="" />
    <property name="libs.jsp-compiler.maven-pom" value="" />
    <property name="runtime.encoding" value="UTF-8" />
    <property name="jlink.additionalmodules" value="" />
    <property name="libs.jakartaee-web-api-10.0.javadoc" value="/Applications/Apache NetBeans.app/Contents/Resources/netbeans/enterprise/docs/jakartaee10-doc-api.jar" />
    <property name="libs.jakartaee-web-api-8.0.classpath" value="/Applications/Apache NetBeans.app/Contents/Resources/netbeans/enterprise/modules/ext/jakarta.jakartaee-web-api-8.0.0.jar" />
    <property name="javac.classpath" value="" />
    <property name="dist.jlink.dir" value="dist/jlink" />
    <property name="nb.junit.batch" value="false" />
    <property name="libs.jakartaee-web-api-10.0.maven-pom" value="" />
    <property name="build.test.classes.dir" value="build/test/classes" />
    <property name="ant.project.invoked-targets" value="test-single-method" />
    <property name="libs.jstl.classpath" value="/Applications/Apache NetBeans.app/Contents/Resources/netbeans/enterprise/modules/ext/jstl-impl.jar:/Applications/Apache NetBeans.app/Contents/Resources/netbeans/enterprise/modules/ext/jstl-api.jar" />
    <property name="ap.cmd.line.internal" value="" />
    <property name="jna.platform.library.path" value="/usr/lib:/usr/lib" />
    <property name="libs.PostgreSQLDriver.src" value="" />
    <property name="platform.compiler" value="${platforms.JDK_21.compile}" />
    <property name="java.vendor.url.bug" value="https://bugreport.java.com/bugreport/" />
    <property name="annotation.processing.source.output" value="build/generated-sources/ap-source-output" />
    <property name="libs.javaee-endorsed-api-6.0.maven-pom" value="" />
    <property name="user.dir" value="/Users/Salome/Desktop/SAE_java/sae_java/saeJava" />
    <property name="platform.java" value="/Library/Java/JavaVirtualMachines/jdk-21.jdk/Contents/Home/bin/java" />
    <property name="application.args" value="" />
    <property name="org.xml.sax.driver" value="com.sun.org.apache.xerces.internal.jaxp.SAXParserImpl$JAXPSAXParser" />
    <property name="libs.jakartaee-web-api-8.0.maven-pom" value="" />
    <property name="libs.eclipselink.src" value="" />
    <property name="manifest.custom.codebase" value="" />
    <property name="java.vm.version" value="21.0.5+9-LTS-239" />
    <property name="libs.metro.javadoc" value="/Applications/Apache NetBeans.app/Contents/Resources/netbeans/enterprise/docs/webservices-api-javadoc.jar:/Applications/Apache NetBeans.app/Contents/Resources/netbeans/enterprise/docs/webservices-extra-javadoc.jar:/Applications/Apache NetBeans.app/Contents/Resources/netbeans/enterprise/docs/webservices-extra-api-javadoc.jar:/Applications/Apache NetBeans.app/Contents/Resources/netbeans/enterprise/docs/webservices-rt-javadoc.jar:/Applications/Apache NetBeans.app/Contents/Resources/netbeans/enterprise/docs/webservices-tools-javadoc.jar" />
    <property name="libs.jakartaee-web-api-9.0.src" value="" />
    <property name="libs.jakartaee-web-api-10.0.classpath" value="/Applications/Apache NetBeans.app/Contents/Resources/netbeans/enterprise/modules/ext/jakarta.jakartaee-web-api-10.0.0.jar" />
    <property name="test.class" value="saejava.EnseignantExceptionsTests.EnseignantVideTest" />
    <property name="sun.awt.datatransfer.timeout" value="1000" />
    <property name="annotation.processing.run.all.processors" value="true" />
    <property name="libs.jakartaee-api-8.0.src" value="" />
    <property name="libs.javaee-web-api-7.0.src" value="" />
    <property name="junit.forkmode" value="perTest" />
    <property name="libs.jsp-compiler.classpath" value="/Applications/Apache NetBeans.app/Contents/Resources/netbeans/enterprise/ant/extra/jspcompile.jar" />
    <property name="libs.javaee-endorsed-api-6.0.classpath" value="/Applications/Apache NetBeans.app/Contents/Resources/netbeans/enterprise/modules/ext/javaee6-endorsed/javax.annotation.jar:/Applications/Apache NetBeans.app/Contents/Resources/netbeans/enterprise/modules/ext/javaee6-endorsed/jaxb-api-osgi.jar:/Applications/Apache NetBeans.app/Contents/Resources/netbeans/enterprise/modules/ext/javaee6-endorsed/webservices-api-osgi.jar" />
  </properties>
  <testcase classname="saejava.EnseignantExceptionsTests.EnseignantVideTest" name="afficherEnseignantsTest" time="0.023">
    <failure message="expected:&lt;[]&gt; but was:&lt;[C]&gt;" type="junit.framework.AssertionFailedError">junit.framework.AssertionFailedError: expected:&lt;[]&gt; but was:&lt;[C]&gt;
	at saejava.EnseignantExceptionsTests.EnseignantVideTest.afficherEnseignantsTest(EnseignantVideTest.java:40)
	at java.base/jdk.internal.reflect.DirectMethodHandleAccessor.invoke(DirectMethodHandleAccessor.java:103)
</failure>
  </testcase>
  <system-out><![CDATA[Aucun enseignant n'a ete affecte a la ressource C
]]></system-out>
  <system-err><![CDATA[]]></system-err>
</testsuite>
